<?xml version="1.0" encoding="UTF-8"?>
<!-- Generated by org.testng.reporters.JUnitReportReporter -->
<testsuite skipped="0" hostname="59f5b4a8823d" name="com.newtours.tests.BookFlightTest" tests="12" failures="0" timestamp="27 Jul 2023 20:27:38 GMT" time="28.733" errors="0">
  <testcase name="TC01_RegistrationPageTest" time="5.319" classname="com.newtours.tests.BookFlightTest"/>
  <testcase name="TC01_RegistrationPageTest" time="5.788" classname="com.newtours.tests.BookFlightTest"/>
  <testcase name="TC01_RegistrationPageTest" time="5.652" classname="com.newtours.tests.BookFlightTest"/>
  <testcase name="TC02_RegistrationConfirmationPage" time="0.130" classname="com.newtours.tests.BookFlightTest"/>
  <testcase name="TC02_RegistrationConfirmationPage" time="0.109" classname="com.newtours.tests.BookFlightTest"/>
  <testcase name="TC02_RegistrationConfirmationPage" time="0.124" classname="com.newtours.tests.BookFlightTest"/>
  <testcase name="TC03_FlightDetailsPage" time="3.639" classname="com.newtours.tests.BookFlightTest"/>
  <testcase name="TC03_FlightDetailsPage" time="3.589" classname="com.newtours.tests.BookFlightTest"/>
  <testcase name="TC03_FlightDetailsPage" time="3.587" classname="com.newtours.tests.BookFlightTest"/>
  <testcase name="TC04_printConfirmation" time="0.279" classname="com.newtours.tests.BookFlightTest"/>
  <testcase name="TC04_printConfirmation" time="0.264" classname="com.newtours.tests.BookFlightTest"/>
  <testcase name="TC04_printConfirmation" time="0.253" classname="com.newtours.tests.BookFlightTest"/>
</testsuite> <!-- com.newtours.tests.BookFlightTest -->
