<?xml version="1.0" encoding="UTF-8"?>
<!-- Generated by org.testng.reporters.JUnitReportReporter -->
<testsuite hostname="DESKTOP-UNVGE05" failures="0" tests="4" name="com.searchmodule.tests.SearchTest" time="11.354" errors="0" timestamp="24 Jul. 2023 01:16:32 GMT" skipped="0">
  <testcase classname="com.searchmodule.tests.SearchTest" name="TC01_SearchText" time="2.821"/>
  <testcase classname="com.searchmodule.tests.SearchTest" name="TC01_SearchText" time="2.827"/>
  <testcase classname="com.searchmodule.tests.SearchTest" name="TC01_SearchText" time="2.575"/>
  <testcase classname="com.searchmodule.tests.SearchTest" name="TC01_SearchText" time="3.131"/>
</testsuite> <!-- com.searchmodule.tests.SearchTest -->
